src/packages/memory/vector.ts(3,51): error TS2307: Cannot find module '@langchain/community/embeddings/hf_transformers' or its corresponding type declarations.
src/packages/security/src/rate-limiter.ts(1,1): error TS1202: Import assignment cannot be used when targeting ECMAScript modules. Consider using 'import * as ns from "mod"', 'import {a} from "mod"', 'import d from "mod"', or another module format instead.
src/services/chat/supabase-chat.service.ts(15,14): error TS2769: No overload matches this call.
  Overload 1 of 2, '(values: never, options?: { count?: "exact" | "planned" | "estimated" | undefined; } | undefined): PostgrestFilterBuilder<{ PostgrestVersion: "12"; }, never, never, null, "conversations", never, "POST">', gave the following error.
    Argument of type '{ user_id: string; title: string; message_count: number; tokens_used: number; }' is not assignable to parameter of type 'never'.
  Overload 2 of 2, '(values: never[], options?: { count?: "exact" | "planned" | "estimated" | undefined; defaultToNull?: boolean | undefined; } | undefined): PostgrestFilterBuilder<{ PostgrestVersion: "12"; }, never, never, null, "conversations", never, "POST">', gave the following error.
    Object literal may only specify known properties, and 'user_id' does not exist in type 'never[]'.
src/services/chat/supabase-chat.service.ts(39,14): error TS2769: No overload matches this call.
  Overload 1 of 2, '(values: never, options?: { count?: "exact" | "planned" | "estimated" | undefined; } | undefined): PostgrestFilterBuilder<{ PostgrestVersion: "12"; }, never, never, null, "messages", never, "POST">', gave the following error.
    Argument of type '{ conversation_id: string; role: "user" | "assistant"; content: string; tokens: number; metadata: any; }' is not assignable to parameter of type 'never'.
  Overload 2 of 2, '(values: never[], options?: { count?: "exact" | "planned" | "estimated" | undefined; defaultToNull?: boolean | undefined; } | undefined): PostgrestFilterBuilder<{ PostgrestVersion: "12"; }, never, never, null, "messages", never, "POST">', gave the following error.
    Object literal may only specify known properties, and 'conversation_id' does not exist in type 'never[]'.
src/services/chat/supabase-chat.service.ts(76,25): error TS2345: Argument of type '{ message_count: any; tokens_used: any; }' is not assignable to parameter of type 'never'.
src/services/chat/supabase-chat.service.ts(77,42): error TS2339: Property 'message_count' does not exist on type 'never'.
src/services/chat/supabase-chat.service.ts(78,40): error TS2339: Property 'tokens_used' does not exist on type 'never'.
src/services/chat/supabase-chat.service.ts(133,21): error TS2345: Argument of type '{ is_archived: boolean; }' is not assignable to parameter of type 'never'.
src/services/memory/vector-store.service.ts(24,14): error TS2769: No overload matches this call.
  Overload 1 of 2, '(values: never, options?: { count?: "exact" | "planned" | "estimated" | undefined; } | undefined): PostgrestFilterBuilder<{ PostgrestVersion: "12"; }, never, never, null, "memory_vectors", never, "POST">', gave the following error.
    Argument of type '{ user_id: string; content: string; embedding: number[]; collection: string; metadata: any; }' is not assignable to parameter of type 'never'.
  Overload 2 of 2, '(values: never[], options?: { count?: "exact" | "planned" | "estimated" | undefined; defaultToNull?: boolean | undefined; } | undefined): PostgrestFilterBuilder<{ PostgrestVersion: "12"; }, never, never, null, "memory_vectors", never, "POST">', gave the following error.
    Object literal may only specify known properties, and 'user_id' does not exist in type 'never[]'.
src/services/memory/vector-store.service.ts(35,21): error TS2339: Property 'id' does not exist on type 'never'.
src/services/storage/document.service.ts(33,14): error TS2769: No overload matches this call.
  Overload 1 of 2, '(values: never, options?: { count?: "exact" | "planned" | "estimated" | undefined; } | undefined): PostgrestFilterBuilder<{ PostgrestVersion: "12"; }, never, never, null, "documents", never, "POST">', gave the following error.
    Argument of type '{ user_id: string; filename: string; file_type: string; file_size: number; content: string; metadata: { storage_path: string; original_name: string; }; }' is not assignable to parameter of type 'never'.
  Overload 2 of 2, '(values: never[], options?: { count?: "exact" | "planned" | "estimated" | undefined; defaultToNull?: boolean | undefined; } | undefined): PostgrestFilterBuilder<{ PostgrestVersion: "12"; }, never, never, null, "documents", never, "POST">', gave the following error.
    Object literal may only specify known properties, and 'user_id' does not exist in type 'never[]'.
src/services/storage/document.service.ts(50,41): error TS2339: Property 'id' does not exist on type 'never'.
src/services/storage/document.service.ts(52,21): error TS2339: Property 'id' does not exist on type 'never'.
src/services/storage/document.service.ts(93,21): error TS2345: Argument of type '{ processed: boolean; chunks: string[]; summary: string; }' is not assignable to parameter of type 'never'.
