<?xml version="1.0" encoding="utf-8"?><testsuites name="pytest tests"><testsuite name="pytest" errors="0" failures="0" skipped="0" tests="15" time="67.307" timestamp="2026-01-20T19:26:36.286162+00:00" hostname="agent-env-57718bd4-a5d5-46e8-9fd1-7526fd66a3ee"><testcase classname="tests.test_nexa_api.TestStatusEndpoint" name="test_status_returns_online" time="0.074" /><testcase classname="tests.test_nexa_api.TestStatusEndpoint" name="test_status_has_required_features" time="0.038" /><testcase classname="tests.test_nexa_api.TestSessionsEndpoint" name="test_create_session" time="0.041" /><testcase classname="tests.test_nexa_api.TestSessionsEndpoint" name="test_list_sessions" time="0.040" /><testcase classname="tests.test_nexa_api.TestSessionsEndpoint" name="test_get_session_by_id" time="0.113" /><testcase classname="tests.test_nexa_api.TestSessionsEndpoint" name="test_delete_session" time="0.113" /><testcase classname="tests.test_nexa_api.TestChatEndpoint" name="test_chat_basic_message" time="0.905" /><testcase classname="tests.test_nexa_api.TestChatEndpoint" name="test_chat_with_thinking_mode" time="1.621" /><testcase classname="tests.test_nexa_api.TestChatEndpoint" name="test_chat_with_search_mode" time="8.442" /><testcase classname="tests.test_nexa_api.TestGenerationEndpoints" name="test_generate_website" time="31.779" /><testcase classname="tests.test_nexa_api.TestGenerationEndpoints" name="test_generate_video_script" time="11.936" /><testcase classname="tests.test_nexa_api.TestGenerationEndpoints" name="test_generate_image" time="11.835" /><testcase classname="tests.test_nexa_api.TestMemoriesEndpoint" name="test_create_and_get_memory" time="0.169" /><testcase classname="tests.test_nexa_api.TestWebsitesEndpoint" name="test_create_website" time="0.090" /><testcase classname="tests.test_nexa_api.TestWebsitesEndpoint" name="test_list_websites" time="0.038" /></testsuite></testsuites>